c:\touchgfxprojects\wheellistdemo\build\debug\obj\generatedfont.obj
c:\touchgfxprojects\wheellistdemo\build\debug\obj\generatedfont.asm
c:\touchgfxprojects\wheellistdemo\build\debug\obj\unmappeddatafont.obj
c:\touchgfxprojects\wheellistdemo\build\debug\obj\unmappeddatafont.asm
c:\touchgfxprojects\wheellistdemo\build\debug\obj\image_modalbackground.obj
c:\touchgfxprojects\wheellistdemo\build\debug\obj\image_modalbackground.asm
c:\touchgfxprojects\wheellistdemo\build\debug\obj\image_label_stm32cubewl_large.obj
c:\touchgfxprojects\wheellistdemo\build\debug\obj\image_label_stm32cubewl_large.asm
c:\touchgfxprojects\wheellistdemo\build\debug\obj\image_label_stm32cubel1.obj
c:\touchgfxprojects\wheellistdemo\build\debug\obj\image_label_stm32cubel1.asm
c:\touchgfxprojects\wheellistdemo\build\debug\obj\image_label_stm32cubef3_small.obj
c:\touchgfxprojects\wheellistdemo\build\debug\obj\image_label_stm32cubef3_small.asm
c:\touchgfxprojects\wheellistdemo\build\debug\obj\image_label_stm32cubewb_small.obj
c:\touchgfxprojects\wheellistdemo\build\debug\obj\image_label_stm32cubewb_small.asm
c:\touchgfxprojects\wheellistdemo\build\debug\obj\cachedfont.obj
c:\touchgfxprojects\wheellistdemo\build\debug\obj\cachedfont.asm
c:\touchgfxprojects\wheellistdemo\build\debug\obj\table_verdana_40_4bpp.obj
c:\touchgfxprojects\wheellistdemo\build\debug\obj\table_verdana_40_4bpp.asm
c:\touchgfxprojects\wheellistdemo\build\debug\obj\image_light_theme_images_backgrounds_shattered_rain.obj
c:\touchgfxprojects\wheellistdemo\build\debug\obj\image_light_theme_images_backgrounds_shattered_rain.asm
c:\touchgfxprojects\wheellistdemo\build\debug\obj\image_label_stm32cubef4_large.obj
c:\touchgfxprojects\wheellistdemo\build\debug\obj\image_label_stm32cubef4_large.asm
c:\touchgfxprojects\wheellistdemo\build\debug\obj\image_label_stm32cubemp1_large.obj
c:\touchgfxprojects\wheellistdemo\build\debug\obj\image_label_stm32cubemp1_large.asm
c:\touchgfxprojects\wheellistdemo\build\debug\obj\image_label_stm32cubef7.obj
c:\touchgfxprojects\wheellistdemo\build\debug\obj\image_label_stm32cubef7.asm
c:\touchgfxprojects\wheellistdemo\build\debug\obj\image_label_stm32cubewl.obj
c:\touchgfxprojects\wheellistdemo\build\debug\obj\image_label_stm32cubewl.asm
c:\touchgfxprojects\wheellistdemo\build\debug\obj\image_label_stm32cubeh7_small.obj
c:\touchgfxprojects\wheellistdemo\build\debug\obj\image_label_stm32cubeh7_small.asm
c:\touchgfxprojects\wheellistdemo\build\debug\obj\image_light_theme_images_backgrounds_320x240_shady_waves.obj
c:\touchgfxprojects\wheellistdemo\build\debug\obj\image_light_theme_images_backgrounds_320x240_shady_waves.asm
c:\touchgfxprojects\wheellistdemo\build\debug\obj\font_verdana_20_4bpp_0.obj
c:\touchgfxprojects\wheellistdemo\build\debug\obj\font_verdana_20_4bpp_0.asm
c:\touchgfxprojects\wheellistdemo\build\debug\obj\kerning_verdana_10_4bpp.obj
c:\touchgfxprojects\wheellistdemo\build\debug\obj\kerning_verdana_10_4bpp.asm
c:\touchgfxprojects\wheellistdemo\build\debug\obj\vectorfontrendererbuffers.obj
c:\touchgfxprojects\wheellistdemo\build\debug\obj\vectorfontrendererbuffers.asm
c:\touchgfxprojects\wheellistdemo\build\debug\obj\image_label_stm32cubef1_large.obj
c:\touchgfxprojects\wheellistdemo\build\debug\obj\image_label_stm32cubef1_large.asm
c:\touchgfxprojects\wheellistdemo\build\debug\obj\image_label_stm32cubel0_large.obj
c:\touchgfxprojects\wheellistdemo\build\debug\obj\image_label_stm32cubel0_large.asm
c:\touchgfxprojects\wheellistdemo\build\debug\obj\image_label_stm32cubef3.obj
c:\touchgfxprojects\wheellistdemo\build\debug\obj\image_label_stm32cubef3.asm
c:\touchgfxprojects\wheellistdemo\build\debug\obj\image_label_stm32cubel4.obj
c:\touchgfxprojects\wheellistdemo\build\debug\obj\image_label_stm32cubel4.asm
c:\touchgfxprojects\wheellistdemo\build\debug\obj\image_label_stm32cubef4_small.obj
c:\touchgfxprojects\wheellistdemo\build\debug\obj\image_label_stm32cubef4_small.asm
c:\touchgfxprojects\wheellistdemo\build\debug\obj\image_label_stm32cubewl_small.obj
c:\touchgfxprojects\wheellistdemo\build\debug\obj\image_label_stm32cubewl_small.asm
c:\touchgfxprojects\wheellistdemo\build\debug\obj\applicationfontprovider.obj
c:\touchgfxprojects\wheellistdemo\build\debug\obj\applicationfontprovider.asm
c:\touchgfxprojects\wheellistdemo\build\debug\obj\table_verdana_20_4bpp.obj
c:\touchgfxprojects\wheellistdemo\build\debug\obj\table_verdana_20_4bpp.asm
c:\touchgfxprojects\wheellistdemo\build\debug\obj\image_label_stm32cubef0_large.obj
c:\touchgfxprojects\wheellistdemo\build\debug\obj\image_label_stm32cubef0_large.asm
c:\touchgfxprojects\wheellistdemo\build\debug\obj\image_label_stm32cubeh7_large.obj
c:\touchgfxprojects\wheellistdemo\build\debug\obj\image_label_stm32cubeh7_large.asm
c:\touchgfxprojects\wheellistdemo\build\debug\obj\image_label_stm32cubef2.obj
c:\touchgfxprojects\wheellistdemo\build\debug\obj\image_label_stm32cubef2.asm
c:\touchgfxprojects\wheellistdemo\build\debug\obj\image_label_stm32cubemp1.obj
c:\touchgfxprojects\wheellistdemo\build\debug\obj\image_label_stm32cubemp1.asm
c:\touchgfxprojects\wheellistdemo\build\debug\obj\image_label_stm32cubef7_small.obj
c:\touchgfxprojects\wheellistdemo\build\debug\obj\image_label_stm32cubef7_small.asm
c:\touchgfxprojects\wheellistdemo\build\debug\obj\image_label_stm32cubemp1_small.obj
c:\touchgfxprojects\wheellistdemo\build\debug\obj\image_label_stm32cubemp1_small.asm
c:\touchgfxprojects\wheellistdemo\build\debug\obj\font_verdana_10_4bpp_0.obj
c:\touchgfxprojects\wheellistdemo\build\debug\obj\font_verdana_10_4bpp_0.asm
c:\touchgfxprojects\wheellistdemo\build\debug\obj\kerning_verdana_20_4bpp.obj
c:\touchgfxprojects\wheellistdemo\build\debug\obj\kerning_verdana_20_4bpp.asm
c:\touchgfxprojects\wheellistdemo\build\debug\obj\bitmapdatabase.obj
c:\touchgfxprojects\wheellistdemo\build\debug\obj\bitmapdatabase.asm
c:\touchgfxprojects\wheellistdemo\build\debug\obj\image_label_stm32cubef2_large.obj
c:\touchgfxprojects\wheellistdemo\build\debug\obj\image_label_stm32cubef2_large.asm
c:\touchgfxprojects\wheellistdemo\build\debug\obj\image_label_stm32cubel1_large.obj
c:\touchgfxprojects\wheellistdemo\build\debug\obj\image_label_stm32cubel1_large.asm
c:\touchgfxprojects\wheellistdemo\build\debug\obj\image_label_stm32cubef4.obj
c:\touchgfxprojects\wheellistdemo\build\debug\obj\image_label_stm32cubef4.asm
c:\touchgfxprojects\wheellistdemo\build\debug\obj\image_label_stm32cubewb.obj
c:\touchgfxprojects\wheellistdemo\build\debug\obj\image_label_stm32cubewb.asm
c:\touchgfxprojects\wheellistdemo\build\debug\obj\image_label_stm32cubel0_small.obj
c:\touchgfxprojects\wheellistdemo\build\debug\obj\image_label_stm32cubel0_small.asm
c:\touchgfxprojects\wheellistdemo\build\debug\obj\languagegb.obj
c:\touchgfxprojects\wheellistdemo\build\debug\obj\languagegb.asm
c:\touchgfxprojects\wheellistdemo\build\debug\obj\fontcache.obj
c:\touchgfxprojects\wheellistdemo\build\debug\obj\fontcache.asm
c:\touchgfxprojects\wheellistdemo\build\debug\obj\image_border_default.obj
c:\touchgfxprojects\wheellistdemo\build\debug\obj\image_border_default.asm
c:\touchgfxprojects\wheellistdemo\build\debug\obj\image_label_stm32cubeg0_large.obj
c:\touchgfxprojects\wheellistdemo\build\debug\obj\image_label_stm32cubeg0_large.asm
c:\touchgfxprojects\wheellistdemo\build\debug\obj\image_label_stm32cubef0.obj
c:\touchgfxprojects\wheellistdemo\build\debug\obj\image_label_stm32cubef0.asm
c:\touchgfxprojects\wheellistdemo\build\debug\obj\image_label_stm32cubef1.obj
c:\touchgfxprojects\wheellistdemo\build\debug\obj\image_label_stm32cubef1.asm
c:\touchgfxprojects\wheellistdemo\build\debug\obj\image_label_stm32cubeg0.obj
c:\touchgfxprojects\wheellistdemo\build\debug\obj\image_label_stm32cubeg0.asm
c:\touchgfxprojects\wheellistdemo\build\debug\obj\image_label_stm32cubef0_small.obj
c:\touchgfxprojects\wheellistdemo\build\debug\obj\image_label_stm32cubef0_small.asm
c:\touchgfxprojects\wheellistdemo\build\debug\obj\image_label_stm32cubeg0_small.obj
c:\touchgfxprojects\wheellistdemo\build\debug\obj\image_label_stm32cubeg0_small.asm
c:\touchgfxprojects\wheellistdemo\build\debug\obj\svgdatabase.obj
c:\touchgfxprojects\wheellistdemo\build\debug\obj\svgdatabase.asm
c:\touchgfxprojects\wheellistdemo\build\debug\obj\typedtextdatabase.obj
c:\touchgfxprojects\wheellistdemo\build\debug\obj\typedtextdatabase.asm
c:\touchgfxprojects\wheellistdemo\build\debug\obj\font_verdana_10_4bpp_4.obj
c:\touchgfxprojects\wheellistdemo\build\debug\obj\font_verdana_10_4bpp_4.asm
c:\touchgfxprojects\wheellistdemo\build\debug\obj\kerning_verdana_40_4bpp.obj
c:\touchgfxprojects\wheellistdemo\build\debug\obj\kerning_verdana_40_4bpp.asm
c:\touchgfxprojects\wheellistdemo\build\debug\obj\image_border_small.obj
c:\touchgfxprojects\wheellistdemo\build\debug\obj\image_border_small.asm
c:\touchgfxprojects\wheellistdemo\build\debug\obj\image_label_stm32cubef7_large.obj
c:\touchgfxprojects\wheellistdemo\build\debug\obj\image_label_stm32cubef7_large.asm
c:\touchgfxprojects\wheellistdemo\build\debug\obj\image_label_stm32cubewb_large.obj
c:\touchgfxprojects\wheellistdemo\build\debug\obj\image_label_stm32cubewb_large.asm
c:\touchgfxprojects\wheellistdemo\build\debug\obj\image_label_stm32cubel0.obj
c:\touchgfxprojects\wheellistdemo\build\debug\obj\image_label_stm32cubel0.asm
c:\touchgfxprojects\wheellistdemo\build\debug\obj\image_label_stm32cubef2_small.obj
c:\touchgfxprojects\wheellistdemo\build\debug\obj\image_label_stm32cubef2_small.asm
c:\touchgfxprojects\wheellistdemo\build\debug\obj\image_label_stm32cubel4_small.obj
c:\touchgfxprojects\wheellistdemo\build\debug\obj\image_label_stm32cubel4_small.asm
c:\touchgfxprojects\wheellistdemo\build\debug\obj\font_verdana_40_4bpp_0.obj
c:\touchgfxprojects\wheellistdemo\build\debug\obj\font_verdana_40_4bpp_0.asm
c:\touchgfxprojects\wheellistdemo\build\debug\obj\table_verdana_10_4bpp.obj
c:\touchgfxprojects\wheellistdemo\build\debug\obj\table_verdana_10_4bpp.asm
c:\touchgfxprojects\wheellistdemo\build\debug\obj\image_exit.obj
c:\touchgfxprojects\wheellistdemo\build\debug\obj\image_exit.asm
c:\touchgfxprojects\wheellistdemo\build\debug\obj\image_label_stm32cubef3_large.obj
c:\touchgfxprojects\wheellistdemo\build\debug\obj\image_label_stm32cubef3_large.asm
c:\touchgfxprojects\wheellistdemo\build\debug\obj\image_label_stm32cubel4_large.obj
c:\touchgfxprojects\wheellistdemo\build\debug\obj\image_label_stm32cubel4_large.asm
c:\touchgfxprojects\wheellistdemo\build\debug\obj\image_label_stm32cubeh7.obj
c:\touchgfxprojects\wheellistdemo\build\debug\obj\image_label_stm32cubeh7.asm
c:\touchgfxprojects\wheellistdemo\build\debug\obj\image_label_stm32cubef1_small.obj
c:\touchgfxprojects\wheellistdemo\build\debug\obj\image_label_stm32cubef1_small.asm
c:\touchgfxprojects\wheellistdemo\build\debug\obj\image_label_stm32cubel1_small.obj
c:\touchgfxprojects\wheellistdemo\build\debug\obj\image_label_stm32cubel1_small.asm
c:\touchgfxprojects\wheellistdemo\build\debug\obj\texts.obj
c:\touchgfxprojects\wheellistdemo\build\debug\obj\texts.asm
c:\touchgfxprojects\wheellistdemo\build\debug\obj\halsdl2_icon.obj
c:\touchgfxprojects\wheellistdemo\build\debug\obj\mainscreenviewbase.obj
c:\touchgfxprojects\wheellistdemo\build\debug\obj\modalcontainerbase.obj
c:\touchgfxprojects\wheellistdemo\build\debug\obj\halsdl2.obj
c:\touchgfxprojects\wheellistdemo\build\debug\obj\wheellistcontainerbase.obj
c:\touchgfxprojects\wheellistdemo\build\debug\obj\sdl2touchcontroller.obj
c:\touchgfxprojects\wheellistdemo\build\debug\obj\mainscreenview.obj
c:\touchgfxprojects\wheellistdemo\build\debug\obj\modalcontainer.obj
c:\touchgfxprojects\wheellistdemo\build\debug\obj\main.obj
c:\touchgfxprojects\wheellistdemo\build\debug\obj\wheellistcenterbase.obj
c:\touchgfxprojects\wheellistdemo\build\debug\obj\oswrappers.obj
c:\touchgfxprojects\wheellistdemo\build\debug\obj\mainscreenpresenter.obj
c:\touchgfxprojects\wheellistdemo\build\debug\obj\wheellistitembase.obj
c:\touchgfxprojects\wheellistdemo\build\debug\obj\mainbase.obj
c:\touchgfxprojects\wheellistdemo\build\debug\obj\wheellistitem.obj
c:\touchgfxprojects\wheellistdemo\build\debug\obj\frontendapplicationbase.obj
c:\touchgfxprojects\wheellistdemo\build\debug\obj\wheellistcenter.obj
c:\touchgfxprojects\wheellistdemo\build\debug\obj\frontendapplication.obj
c:\touchgfxprojects\wheellistdemo\build\debug\obj\model.obj
c:\touchgfxprojects\wheellistdemo\build\debug\obj\softwaremjpegdecoder.obj
c:\touchgfxprojects\wheellistdemo\build\debug\obj\wheellistcontainer.obj
c:\touchgfxprojects\wheellistdemo\build\debug\obj\vc142.pdb
c:\touchgfxprojects\wheellistdemo\build\debug\obj\application.ilk
c:\touchgfxprojects\wheellistdemo\build\debug\bin\application.exe
c:\touchgfxprojects\wheellistdemo\build\debug\bin\application.pdb
c:\touchgfxprojects\wheellistdemo\build\debug\obj\touchgfx.res
c:\touchgfxprojects\wheellistdemo\build\debug\obj\vc142.idb
c:\touchgfxprojects\wheellistdemo\build\debug\obj\application.tlog\cl.17848.write.1.tlog
c:\touchgfxprojects\wheellistdemo\build\debug\obj\application.tlog\cl.command.1.tlog
c:\touchgfxprojects\wheellistdemo\build\debug\obj\application.tlog\cl.read.1.tlog
c:\touchgfxprojects\wheellistdemo\build\debug\obj\application.tlog\link.command.1.tlog
c:\touchgfxprojects\wheellistdemo\build\debug\obj\application.tlog\link.read.1.tlog
c:\touchgfxprojects\wheellistdemo\build\debug\obj\application.tlog\link.write.1.tlog
c:\touchgfxprojects\wheellistdemo\build\debug\obj\application.tlog\rc.command.1.tlog
c:\touchgfxprojects\wheellistdemo\build\debug\obj\application.tlog\rc.read.1.tlog
c:\touchgfxprojects\wheellistdemo\build\debug\obj\application.tlog\rc.write.1.tlog
